0 info it worked if it ends with ok
1 verbose cli [ '/home/ubuntu/.nvm/v0.10.33/bin/node',
1 verbose cli   '/home/ubuntu/.nvm/v0.10.33/bin/npm',
1 verbose cli   '-g',
1 verbose cli   'install',
1 verbose cli   'os' ]
2 info using npm@1.4.28
3 info using node@v0.10.33
4 verbose cache add [ 'os', null ]
5 verbose cache add name=undefined spec="os" args=["os",null]
6 verbose parsed url { protocol: null,
6 verbose parsed url   slashes: null,
6 verbose parsed url   auth: null,
6 verbose parsed url   host: null,
6 verbose parsed url   port: null,
6 verbose parsed url   hostname: null,
6 verbose parsed url   hash: null,
6 verbose parsed url   search: null,
6 verbose parsed url   query: null,
6 verbose parsed url   pathname: 'os',
6 verbose parsed url   path: 'os',
6 verbose parsed url   href: 'os' }
7 silly lockFile 999a3419-os os
8 verbose lock os /home/ubuntu/.npm/999a3419-os.lock
9 silly lockFile 999a3419-os os
10 silly lockFile 999a3419-os os
11 verbose addNamed [ 'os', '' ]
12 verbose addNamed [ null, '*' ]
13 silly lockFile 46c56d42-os os@
14 verbose lock os@ /home/ubuntu/.npm/46c56d42-os.lock
15 silly addNameRange { name: 'os', range: '*', hasData: false }
16 verbose request where is /os
17 verbose request registry https://registry.npmjs.org/
18 verbose request id 369e350c565a3707
19 verbose url raw /os
20 verbose url resolving [ 'https://registry.npmjs.org/', './os' ]
21 verbose url resolved https://registry.npmjs.org/os
22 verbose request where is https://registry.npmjs.org/os
23 info trying registry request attempt 1 at 22:11:34
24 http GET https://registry.npmjs.org/os
25 http 404 https://registry.npmjs.org/os
26 verbose headers { date: 'Tue, 09 Dec 2014 22:11:34 GMT',
26 verbose headers   server: 'CouchDB/1.5.0 (Erlang OTP/R16B03)',
26 verbose headers   'content-type': 'application/json',
26 verbose headers   'cache-control': 'max-age=0',
26 verbose headers   'content-length': '52',
26 verbose headers   'accept-ranges': 'bytes',
26 verbose headers   via: '1.1 varnish',
26 verbose headers   age: '0',
26 verbose headers   'x-served-by': 'cache-ord1729-ORD',
26 verbose headers   'x-cache': 'MISS',
26 verbose headers   'x-cache-hits': '0',
26 verbose headers   'x-timer': 'S1418163094.627860,VS0,VE68',
26 verbose headers   'keep-alive': 'timeout=10, max=50',
26 verbose headers   connection: 'Keep-Alive' }
27 silly registry.get cb [ 404,
27 silly registry.get   { date: 'Tue, 09 Dec 2014 22:11:34 GMT',
27 silly registry.get     server: 'CouchDB/1.5.0 (Erlang OTP/R16B03)',
27 silly registry.get     'content-type': 'application/json',
27 silly registry.get     'cache-control': 'max-age=0',
27 silly registry.get     'content-length': '52',
27 silly registry.get     'accept-ranges': 'bytes',
27 silly registry.get     via: '1.1 varnish',
27 silly registry.get     age: '0',
27 silly registry.get     'x-served-by': 'cache-ord1729-ORD',
27 silly registry.get     'x-cache': 'MISS',
27 silly registry.get     'x-cache-hits': '0',
27 silly registry.get     'x-timer': 'S1418163094.627860,VS0,VE68',
27 silly registry.get     'keep-alive': 'timeout=10, max=50',
27 silly registry.get     connection: 'Keep-Alive' } ]
28 silly lockFile 46c56d42-os os@
29 silly lockFile 46c56d42-os os@
30 error 404 404 Not Found: os
30 error 404
30 error 404 'os' is not in the npm registry.
30 error 404 You should bug the author to publish it
30 error 404
30 error 404 Note that you can also install from a
30 error 404 tarball, folder, or http url, or git url.
31 error System Linux 3.14.13-c9
32 error command "/home/ubuntu/.nvm/v0.10.33/bin/node" "/home/ubuntu/.nvm/v0.10.33/bin/npm" "-g" "install" "os"
33 error cwd /home/ubuntu/workspace
34 error node -v v0.10.33
35 error npm -v 1.4.28
36 error code E404
37 verbose exit [ 1, true ]
